E:\DEV\P2\P2\DEBUG\SOURCE.OBJ
E:\DEV\P2\P2\DEBUG\VC110.PDB
E:\DEV\P2\DEBUG\P2.ILK
E:\DEV\P2\DEBUG\P2.EXE
E:\DEV\P2\DEBUG\P2.PDB
E:\dev\p2\p2\Debug\Source.obj
E:\dev\p2\p2\Debug\cl.command.1.tlog
E:\dev\p2\p2\Debug\CL.read.1.tlog
E:\dev\p2\p2\Debug\CL.write.1.tlog
E:\dev\p2\p2\Debug\link-cvtres.read.1.tlog
E:\dev\p2\p2\Debug\link-cvtres.write.1.tlog
E:\dev\p2\p2\Debug\link-rc.read.1.tlog
E:\dev\p2\p2\Debug\link-rc.write.1.tlog
E:\dev\p2\p2\Debug\link.command.1.tlog
E:\dev\p2\p2\Debug\link.read.1.tlog
E:\dev\p2\p2\Debug\link.write.1.tlog
E:\dev\p2\p2\Debug\vc110.idb
E:\dev\p2\p2\Debug\vc110.pdb
E:\dev\p2\Debug\p2.pdb
E:\dev\p2\Debug\p2.exe
E:\dev\p2\Debug\p2.ilk
